[07-Oct-2025 10:57:06 Africa/Nairobi] PHP Fatal error:  Uncaught Error: Call to undefined function isValidPIN() in /home/vxjtgclw/stockhub.zuri.co.ke/index.php:16
Stack trace:
#0 {main}
  thrown in /home/vxjtgclw/stockhub.zuri.co.ke/index.php on line 16
[07-Oct-2025 10:57:13 Africa/Nairobi] PHP Fatal error:  Uncaught Error: Call to undefined function isValidPIN() in /home/vxjtgclw/stockhub.zuri.co.ke/index.php:16
Stack trace:
#0 {main}
  thrown in /home/vxjtgclw/stockhub.zuri.co.ke/index.php on line 16
[07-Oct-2025 11:04:24 Africa/Nairobi] PHP Fatal error:  Uncaught Error: Call to undefined function isValidPIN() in /home/vxjtgclw/stockhub.zuri.co.ke/index.php:16
Stack trace:
#0 {main}
  thrown in /home/vxjtgclw/stockhub.zuri.co.ke/index.php on line 16
[07-Oct-2025 11:04:43 Africa/Nairobi] PHP Fatal error:  Uncaught Error: Call to undefined function isValidPIN() in /home/vxjtgclw/stockhub.zuri.co.ke/index.php:16
Stack trace:
#0 {main}
  thrown in /home/vxjtgclw/stockhub.zuri.co.ke/index.php on line 16
[07-Oct-2025 11:08:27 Africa/Nairobi] PHP Fatal error:  Uncaught Error: Call to undefined function isValidPIN() in /home/vxjtgclw/stockhub.zuri.co.ke/index.php:16
Stack trace:
#0 {main}
  thrown in /home/vxjtgclw/stockhub.zuri.co.ke/index.php on line 16
[07-Oct-2025 11:08:53 Africa/Nairobi] PHP Fatal error:  Uncaught Error: Call to undefined function isValidPIN() in /home/vxjtgclw/stockhub.zuri.co.ke/index.php:16
Stack trace:
#0 {main}
  thrown in /home/vxjtgclw/stockhub.zuri.co.ke/index.php on line 16
[07-Oct-2025 11:11:17 Africa/Nairobi] PHP Fatal error:  Uncaught Error: Call to undefined function isValidPIN() in /home/vxjtgclw/stockhub.zuri.co.ke/index.php:16
Stack trace:
#0 {main}
  thrown in /home/vxjtgclw/stockhub.zuri.co.ke/index.php on line 16
[07-Oct-2025 11:13:34 Africa/Nairobi] PHP Fatal error:  Uncaught Error: Call to undefined function getDashboardStats() in /home/vxjtgclw/stockhub.zuri.co.ke/dashboard.php:8
Stack trace:
#0 {main}
  thrown in /home/vxjtgclw/stockhub.zuri.co.ke/dashboard.php on line 8
[07-Oct-2025 11:15:25 Africa/Nairobi] PHP Fatal error:  Uncaught Error: Call to undefined function getUserInfo() in /home/vxjtgclw/stockhub.zuri.co.ke/header.php:8
Stack trace:
#0 /home/vxjtgclw/stockhub.zuri.co.ke/dashboard.php(41): include()
#1 {main}
  thrown in /home/vxjtgclw/stockhub.zuri.co.ke/header.php on line 8
[07-Oct-2025 11:15:30 Africa/Nairobi] PHP Fatal error:  Uncaught Error: Call to undefined function getUserInfo() in /home/vxjtgclw/stockhub.zuri.co.ke/header.php:8
Stack trace:
#0 /home/vxjtgclw/stockhub.zuri.co.ke/dashboard.php(41): include()
#1 {main}
  thrown in /home/vxjtgclw/stockhub.zuri.co.ke/header.php on line 8
[07-Oct-2025 11:18:20 Africa/Nairobi] PHP Fatal error:  Uncaught Error: Call to undefined function getUserInfo() in /home/vxjtgclw/stockhub.zuri.co.ke/header.php:8
Stack trace:
#0 /home/vxjtgclw/stockhub.zuri.co.ke/dashboard.php(41): include()
#1 {main}
  thrown in /home/vxjtgclw/stockhub.zuri.co.ke/header.php on line 8
[07-Oct-2025 11:18:39 Africa/Nairobi] PHP Fatal error:  Uncaught Error: Call to undefined function getUserInfo() in /home/vxjtgclw/stockhub.zuri.co.ke/header.php:8
Stack trace:
#0 /home/vxjtgclw/stockhub.zuri.co.ke/dashboard.php(41): include()
#1 {main}
  thrown in /home/vxjtgclw/stockhub.zuri.co.ke/header.php on line 8
[07-Oct-2025 11:21:07 Africa/Nairobi] PHP Fatal error:  Uncaught Error: Call to undefined function getUserInfo() in /home/vxjtgclw/stockhub.zuri.co.ke/header.php:8
Stack trace:
#0 /home/vxjtgclw/stockhub.zuri.co.ke/dashboard.php(41): include()
#1 {main}
  thrown in /home/vxjtgclw/stockhub.zuri.co.ke/header.php on line 8
[07-Oct-2025 11:32:07 Africa/Nairobi] PHP Fatal error:  Uncaught Error: Call to undefined function getUserInfo() in /home/vxjtgclw/stockhub.zuri.co.ke/header.php:8
Stack trace:
#0 /home/vxjtgclw/stockhub.zuri.co.ke/dashboard.php(46): include()
#1 {main}
  thrown in /home/vxjtgclw/stockhub.zuri.co.ke/header.php on line 8
[07-Oct-2025 11:32:21 Africa/Nairobi] PHP Fatal error:  Uncaught Error: Call to undefined function getUserInfo() in /home/vxjtgclw/stockhub.zuri.co.ke/header.php:8
Stack trace:
#0 /home/vxjtgclw/stockhub.zuri.co.ke/dashboard.php(46): include()
#1 {main}
  thrown in /home/vxjtgclw/stockhub.zuri.co.ke/header.php on line 8
[07-Oct-2025 11:32:35 Africa/Nairobi] PHP Fatal error:  Uncaught Error: Call to undefined function getUserInfo() in /home/vxjtgclw/stockhub.zuri.co.ke/header.php:8
Stack trace:
#0 /home/vxjtgclw/stockhub.zuri.co.ke/products.php(103): include()
#1 {main}
  thrown in /home/vxjtgclw/stockhub.zuri.co.ke/header.php on line 8
[07-Oct-2025 12:26:41 Africa/Nairobi] PHP Deprecated:  number_format(): Passing null to parameter #1 ($num) of type float is deprecated in /home/vxjtgclw/stockhub.zuri.co.ke/config.php on line 110
[07-Oct-2025 12:34:31 Africa/Nairobi] PHP Deprecated:  number_format(): Passing null to parameter #1 ($num) of type float is deprecated in /home/vxjtgclw/stockhub.zuri.co.ke/config.php on line 110
[07-Oct-2025 12:35:35 Africa/Nairobi] PHP Fatal error:  Uncaught Error: Call to undefined function getStockStatus() in /home/vxjtgclw/stockhub.zuri.co.ke/pos.php:122
Stack trace:
#0 {main}
  thrown in /home/vxjtgclw/stockhub.zuri.co.ke/pos.php on line 122
[07-Oct-2025 12:36:01 Africa/Nairobi] PHP Fatal error:  Uncaught Error: Call to undefined function getStockStatus() in /home/vxjtgclw/stockhub.zuri.co.ke/inventory.php:125
Stack trace:
#0 {main}
  thrown in /home/vxjtgclw/stockhub.zuri.co.ke/inventory.php on line 125
[07-Oct-2025 12:36:24 Africa/Nairobi] PHP Fatal error:  Uncaught Error: Call to undefined function formatDate() in /home/vxjtgclw/stockhub.zuri.co.ke/users.php:110
Stack trace:
#0 {main}
  thrown in /home/vxjtgclw/stockhub.zuri.co.ke/users.php on line 110
[07-Oct-2025 12:36:41 Africa/Nairobi] PHP Fatal error:  Uncaught mysqli_sql_exception: Table 'vxjtgclw_Spirits.expenses' doesn't exist in /home/vxjtgclw/stockhub.zuri.co.ke/expenses.php:39
Stack trace:
#0 /home/vxjtgclw/stockhub.zuri.co.ke/expenses.php(39): mysqli->query('SELECT e.*, u.n...')
#1 {main}
  thrown in /home/vxjtgclw/stockhub.zuri.co.ke/expenses.php on line 39
[07-Oct-2025 12:37:39 Africa/Nairobi] PHP Fatal error:  Uncaught Error: Call to undefined function formatDate() in /home/vxjtgclw/stockhub.zuri.co.ke/users.php:110
Stack trace:
#0 {main}
  thrown in /home/vxjtgclw/stockhub.zuri.co.ke/users.php on line 110
[07-Oct-2025 12:37:42 Africa/Nairobi] PHP Deprecated:  number_format(): Passing null to parameter #1 ($num) of type float is deprecated in /home/vxjtgclw/stockhub.zuri.co.ke/config.php on line 110
[07-Oct-2025 12:37:53 Africa/Nairobi] PHP Deprecated:  number_format(): Passing null to parameter #1 ($num) of type float is deprecated in /home/vxjtgclw/stockhub.zuri.co.ke/config.php on line 110
[07-Oct-2025 12:37:53 Africa/Nairobi] PHP Deprecated:  number_format(): Passing null to parameter #1 ($num) of type float is deprecated in /home/vxjtgclw/stockhub.zuri.co.ke/config.php on line 110
[07-Oct-2025 12:37:59 Africa/Nairobi] PHP Deprecated:  number_format(): Passing null to parameter #1 ($num) of type float is deprecated in /home/vxjtgclw/stockhub.zuri.co.ke/config.php on line 110
[07-Oct-2025 12:41:33 Africa/Nairobi] PHP Deprecated:  number_format(): Passing null to parameter #1 ($num) of type float is deprecated in /home/vxjtgclw/stockhub.zuri.co.ke/config.php on line 110
[07-Oct-2025 12:42:02 Africa/Nairobi] PHP Deprecated:  number_format(): Passing null to parameter #1 ($num) of type float is deprecated in /home/vxjtgclw/stockhub.zuri.co.ke/config.php on line 110
[07-Oct-2025 12:42:41 Africa/Nairobi] PHP Fatal error:  Uncaught Error: Call to undefined function formatDate() in /home/vxjtgclw/stockhub.zuri.co.ke/users.php:110
Stack trace:
#0 {main}
  thrown in /home/vxjtgclw/stockhub.zuri.co.ke/users.php on line 110
[07-Oct-2025 12:42:55 Africa/Nairobi] PHP Fatal error:  Uncaught mysqli_sql_exception: Table 'vxjtgclw_Spirits.expenses' doesn't exist in /home/vxjtgclw/stockhub.zuri.co.ke/expenses.php:39
Stack trace:
#0 /home/vxjtgclw/stockhub.zuri.co.ke/expenses.php(39): mysqli->query('SELECT e.*, u.n...')
#1 {main}
  thrown in /home/vxjtgclw/stockhub.zuri.co.ke/expenses.php on line 39
[07-Oct-2025 12:45:00 Africa/Nairobi] PHP Fatal error:  Uncaught Error: Call to undefined function getStockStatus() in /home/vxjtgclw/stockhub.zuri.co.ke/pos.php:122
Stack trace:
#0 {main}
  thrown in /home/vxjtgclw/stockhub.zuri.co.ke/pos.php on line 122
[07-Oct-2025 12:51:41 Africa/Nairobi] PHP Fatal error:  Uncaught Error: Call to undefined function getStockStatus() in /home/vxjtgclw/stockhub.zuri.co.ke/pos.php:122
Stack trace:
#0 {main}
  thrown in /home/vxjtgclw/stockhub.zuri.co.ke/pos.php on line 122
[07-Oct-2025 13:45:23 Africa/Nairobi] PHP Warning:  Undefined array key "email" in /home/vxjtgclw/stockhub.zuri.co.ke/users.php on line 232
[07-Oct-2025 13:45:23 Africa/Nairobi] PHP Warning:  Undefined array key "phone" in /home/vxjtgclw/stockhub.zuri.co.ke/users.php on line 238
[07-Oct-2025 13:45:23 Africa/Nairobi] PHP Warning:  Undefined array key "email" in /home/vxjtgclw/stockhub.zuri.co.ke/users.php on line 232
[07-Oct-2025 13:45:23 Africa/Nairobi] PHP Warning:  Undefined array key "phone" in /home/vxjtgclw/stockhub.zuri.co.ke/users.php on line 238
[07-Oct-2025 16:53:22 Africa/Nairobi] PHP Fatal error:  Uncaught ArgumentCountError: The number of elements in the type definition string must match the number of bind variables in /home/vxjtgclw/stockhub.zuri.co.ke/api/complete-sale.php:152
Stack trace:
#0 /home/vxjtgclw/stockhub.zuri.co.ke/api/complete-sale.php(152): mysqli_stmt->bind_param('iisidd', 6, 80, 'Balozi Lager 50...', 1, 140.0, 0, 140.0)
#1 {main}
  thrown in /home/vxjtgclw/stockhub.zuri.co.ke/api/complete-sale.php on line 152
[07-Oct-2025 16:56:31 Africa/Nairobi] PHP Fatal error:  Uncaught ArgumentCountError: The number of elements in the type definition string must match the number of bind variables in /home/vxjtgclw/stockhub.zuri.co.ke/api/complete-sale.php:152
Stack trace:
#0 /home/vxjtgclw/stockhub.zuri.co.ke/api/complete-sale.php(152): mysqli_stmt->bind_param('iisidd', 7, 12, 'Absolute Vodka ...', 1, 2300.0, 0, 2300.0)
#1 {main}
  thrown in /home/vxjtgclw/stockhub.zuri.co.ke/api/complete-sale.php on line 152
[07-Oct-2025 17:05:07 Africa/Nairobi] PHP Fatal error:  Uncaught ArgumentCountError: The number of elements in the type definition string must match the number of bind variables in /home/vxjtgclw/stockhub.zuri.co.ke/api/complete-sale.php:152
Stack trace:
#0 /home/vxjtgclw/stockhub.zuri.co.ke/api/complete-sale.php(152): mysqli_stmt->bind_param('iisidd', 8, 12, 'Absolute Vodka ...', 1, 2300.0, 0, 2300.0)
#1 {main}
  thrown in /home/vxjtgclw/stockhub.zuri.co.ke/api/complete-sale.php on line 152
[07-Oct-2025 17:22:04 Africa/Nairobi] PHP Fatal error:  Uncaught ArgumentCountError: The number of elements in the type definition string must match the number of bind variables in /home/vxjtgclw/stockhub.zuri.co.ke/api/complete-sale.php:152
Stack trace:
#0 /home/vxjtgclw/stockhub.zuri.co.ke/api/complete-sale.php(152): mysqli_stmt->bind_param('iisidd', 9, 79, 'Amstel Lager 33...', 1, 190.0, 0, 190.0)
#1 {main}
  thrown in /home/vxjtgclw/stockhub.zuri.co.ke/api/complete-sale.php on line 152
[07-Oct-2025 17:25:19 Africa/Nairobi] PHP Fatal error:  Uncaught ArgumentCountError: The number of elements in the type definition string must match the number of bind variables in /home/vxjtgclw/stockhub.zuri.co.ke/api/complete-sale.php:152
Stack trace:
#0 /home/vxjtgclw/stockhub.zuri.co.ke/api/complete-sale.php(152): mysqli_stmt->bind_param('iisidd', 10, 12, 'Absolute Vodka ...', 1, 2300.0, 0, 2300.0)
#1 {main}
  thrown in /home/vxjtgclw/stockhub.zuri.co.ke/api/complete-sale.php on line 152
[07-Oct-2025 17:26:45 Africa/Nairobi] PHP Fatal error:  Uncaught ArgumentCountError: The number of elements in the type definition string must match the number of bind variables in /home/vxjtgclw/stockhub.zuri.co.ke/api/complete-sale.php:152
Stack trace:
#0 /home/vxjtgclw/stockhub.zuri.co.ke/api/complete-sale.php(152): mysqli_stmt->bind_param('iisidd', 11, 1, 'Test Product', 2, 100.0, 0, 200.0)
#1 {main}
  thrown in /home/vxjtgclw/stockhub.zuri.co.ke/api/complete-sale.php on line 152
[07-Oct-2025 17:30:39 Africa/Nairobi] PHP Fatal error:  Uncaught ArgumentCountError: The number of elements in the type definition string must match the number of bind variables in /home/vxjtgclw/stockhub.zuri.co.ke/api/complete-sale.php:208
Stack trace:
#0 /home/vxjtgclw/stockhub.zuri.co.ke/api/complete-sale.php(208): mysqli_stmt->bind_param('iisidd', 13, 12, 'Absolute Vodka ...', 1, 2300.0, 0, 2300.0)
#1 {main}
  thrown in /home/vxjtgclw/stockhub.zuri.co.ke/api/complete-sale.php on line 208
[07-Oct-2025 17:30:57 Africa/Nairobi] PHP Fatal error:  Uncaught ArgumentCountError: The number of elements in the type definition string must match the number of bind variables in /home/vxjtgclw/stockhub.zuri.co.ke/api/complete-sale.php:208
Stack trace:
#0 /home/vxjtgclw/stockhub.zuri.co.ke/api/complete-sale.php(208): mysqli_stmt->bind_param('iisidd', 14, 12, 'Absolute Vodka ...', 1, 2300.0, 0, 2300.0)
#1 {main}
  thrown in /home/vxjtgclw/stockhub.zuri.co.ke/api/complete-sale.php on line 208
[07-Oct-2025 17:34:30 Africa/Nairobi] PHP Warning:  Cannot modify header information - headers already sent by (output started at /home/vxjtgclw/stockhub.zuri.co.ke/debug.php:8) in /home/vxjtgclw/stockhub.zuri.co.ke/config.php on line 19
[07-Oct-2025 17:34:30 Africa/Nairobi] PHP Warning:  Cannot modify header information - headers already sent by (output started at /home/vxjtgclw/stockhub.zuri.co.ke/debug.php:8) in /home/vxjtgclw/stockhub.zuri.co.ke/config.php on line 20
[07-Oct-2025 17:34:30 Africa/Nairobi] PHP Warning:  Cannot modify header information - headers already sent by (output started at /home/vxjtgclw/stockhub.zuri.co.ke/debug.php:8) in /home/vxjtgclw/stockhub.zuri.co.ke/config.php on line 21
[07-Oct-2025 17:34:40 Africa/Nairobi] PHP Fatal error:  Uncaught ArgumentCountError: The number of elements in the type definition string must match the number of bind variables in /home/vxjtgclw/stockhub.zuri.co.ke/api/complete-sale.php:224
Stack trace:
#0 /home/vxjtgclw/stockhub.zuri.co.ke/api/complete-sale.php(224): mysqli_stmt->bind_param('iisidd', 15, 1, 'Test Product', 1, 100.0, 0, 100.0)
#1 {main}
  thrown in /home/vxjtgclw/stockhub.zuri.co.ke/api/complete-sale.php on line 224
[07-Oct-2025 17:35:01 Africa/Nairobi] PHP Fatal error:  Uncaught ArgumentCountError: The number of elements in the type definition string must match the number of bind variables in /home/vxjtgclw/stockhub.zuri.co.ke/api/complete-sale.php:224
Stack trace:
#0 /home/vxjtgclw/stockhub.zuri.co.ke/api/complete-sale.php(224): mysqli_stmt->bind_param('iisidd', 16, 79, 'Amstel Lager 33...', 1, 190.0, 0, 190.0)
#1 {main}
  thrown in /home/vxjtgclw/stockhub.zuri.co.ke/api/complete-sale.php on line 224
[08-Oct-2025 10:33:37 Africa/Nairobi] PHP Fatal error:  Uncaught mysqli_sql_exception: Unknown column 'payment_method' in 'field list' in /home/vxjtgclw/pos.zuri.co.ke/expenses.php:121
Stack trace:
#0 /home/vxjtgclw/pos.zuri.co.ke/expenses.php(121): mysqli->query('SELECT \r\n      ...')
#1 {main}
  thrown in /home/vxjtgclw/pos.zuri.co.ke/expenses.php on line 121
[08-Oct-2025 10:38:08 Africa/Nairobi] PHP Fatal error:  Uncaught mysqli_sql_exception: Unknown column 'payment_method' in 'field list' in /home/vxjtgclw/pos.zuri.co.ke/expenses.php:130
Stack trace:
#0 /home/vxjtgclw/pos.zuri.co.ke/expenses.php(130): mysqli->query('SELECT \r\n      ...')
#1 {main}
  thrown in /home/vxjtgclw/pos.zuri.co.ke/expenses.php on line 130
[08-Oct-2025 13:41:14 Africa/Nairobi] Error [2]: file_get_contents(): php_network_getaddresses: getaddrinfo for stockhub.zuri.co.ke failed: Name or service not known in /home/vxjtgclw/stockhub.zuri.co.ke/check-branches.php on line 123
[08-Oct-2025 13:41:14 Africa/Nairobi] Error [2]: file_get_contents(https://stockhub.zuri.co.ke//api/branches.php?action=get_branches): Failed to open stream: php_network_getaddresses: getaddrinfo for stockhub.zuri.co.ke failed: Name or service not known in /home/vxjtgclw/stockhub.zuri.co.ke/check-branches.php on line 123
[08-Oct-2025 13:49:05 Africa/Nairobi] Error [2]: Undefined array key "name" in /home/vxjtgclw/stockhub.zuri.co.ke/test-api.php on line 139
[08-Oct-2025 13:49:39 Africa/Nairobi] Error [2]: file_get_contents(https://stockhub.zuri.co.ke//api/branches.php?action=get_branches): Failed to open stream: HTTP request failed! HTTP/1.1 404 Not Found
 in /home/vxjtgclw/stockhub.zuri.co.ke/check-branches.php on line 123
[08-Oct-2025 14:02:17 Africa/Nairobi] Error [2]: file_get_contents(https://stockhub.zuri.co.ke//api/branches.php?action=get_branches): Failed to open stream: HTTP request failed! HTTP/1.1 404 Not Found
 in /home/vxjtgclw/stockhub.zuri.co.ke/check-branches.php on line 123
[08-Oct-2025 14:23:57 Africa/Nairobi] PHP Warning:  Cannot modify header information - headers already sent by (output started at /home/vxjtgclw/stockhub.zuri.co.ke/diagnostic.php:10) in /home/vxjtgclw/stockhub.zuri.co.ke/config.php on line 19
[08-Oct-2025 14:23:57 Africa/Nairobi] PHP Warning:  Cannot modify header information - headers already sent by (output started at /home/vxjtgclw/stockhub.zuri.co.ke/diagnostic.php:10) in /home/vxjtgclw/stockhub.zuri.co.ke/config.php on line 20
[08-Oct-2025 14:23:57 Africa/Nairobi] PHP Warning:  Cannot modify header information - headers already sent by (output started at /home/vxjtgclw/stockhub.zuri.co.ke/diagnostic.php:10) in /home/vxjtgclw/stockhub.zuri.co.ke/config.php on line 21
[08-Oct-2025 14:57:50 Africa/Nairobi] PHP Fatal error:  Uncaught ArgumentCountError: The number of elements in the type definition string must match the number of bind variables in /home/vxjtgclw/stockhub.zuri.co.ke/api/complete-sale.php:161
Stack trace:
#0 /home/vxjtgclw/stockhub.zuri.co.ke/api/complete-sale.php(161): mysqli_stmt->bind_param('siiidddsssdds', 'ZWS-20251008-3A...', 1, NULL, NULL, 1800.0, 0.0, 0.0, 1800.0, 'cash', '', 1800.0, 0.0, '2025-10-08 14:5...', '')
#1 {main}
  thrown in /home/vxjtgclw/stockhub.zuri.co.ke/api/complete-sale.php on line 161
[08-Oct-2025 14:57:58 Africa/Nairobi] PHP Fatal error:  Uncaught ArgumentCountError: The number of elements in the type definition string must match the number of bind variables in /home/vxjtgclw/stockhub.zuri.co.ke/api/complete-sale.php:161
Stack trace:
#0 /home/vxjtgclw/stockhub.zuri.co.ke/api/complete-sale.php(161): mysqli_stmt->bind_param('siiidddsssdds', 'ZWS-20251008-5A...', 1, NULL, NULL, 1800.0, 0.0, 0.0, 1800.0, 'cash', '', 1800.0, 0.0, '2025-10-08 14:5...', '')
#1 {main}
  thrown in /home/vxjtgclw/stockhub.zuri.co.ke/api/complete-sale.php on line 161
[08-Oct-2025 15:47:05 Africa/Nairobi] Error [2]: Undefined variable $currentPage in /home/vxjtgclw/stockhub.zuri.co.ke/header.php on line 314
[08-Oct-2025 15:47:05 Africa/Nairobi] Error [2]: Undefined variable $currentPage in /home/vxjtgclw/stockhub.zuri.co.ke/header.php on line 315
[08-Oct-2025 15:47:05 Africa/Nairobi] Error [2]: Undefined variable $currentPage in /home/vxjtgclw/stockhub.zuri.co.ke/header.php on line 316
[08-Oct-2025 15:47:10 Africa/Nairobi] Error [2]: Undefined variable $isOwner in /home/vxjtgclw/stockhub.zuri.co.ke/header.php on line 309
[08-Oct-2025 15:49:29 Africa/Nairobi] Error [2]: Undefined variable $isOwner in /home/vxjtgclw/stockhub.zuri.co.ke/header.php on line 309
[08-Oct-2025 15:49:48 Africa/Nairobi] Error [2]: Undefined variable $isOwner in /home/vxjtgclw/stockhub.zuri.co.ke/header.php on line 309
[08-Oct-2025 15:49:56 Africa/Nairobi] Error [2]: Undefined variable $isOwner in /home/vxjtgclw/stockhub.zuri.co.ke/header.php on line 309
[08-Oct-2025 15:50:23 Africa/Nairobi] Error [2]: Undefined variable $isOwner in /home/vxjtgclw/stockhub.zuri.co.ke/header.php on line 309
[08-Oct-2025 15:51:05 Africa/Nairobi] Error [2]: Undefined variable $isOwner in /home/vxjtgclw/stockhub.zuri.co.ke/header.php on line 309
[08-Oct-2025 15:51:12 Africa/Nairobi] Error [2]: Undefined variable $isOwner in /home/vxjtgclw/stockhub.zuri.co.ke/header.php on line 309
[08-Oct-2025 15:52:13 Africa/Nairobi] Error [2]: Undefined variable $isOwner in /home/vxjtgclw/stockhub.zuri.co.ke/header.php on line 309
[08-Oct-2025 15:52:26 Africa/Nairobi] Error [2]: Undefined variable $isOwner in /home/vxjtgclw/stockhub.zuri.co.ke/header.php on line 309
[08-Oct-2025 16:02:55 Africa/Nairobi] Error [2]: Undefined variable $isOwner in /home/vxjtgclw/stockhub.zuri.co.ke/header.php on line 309
[08-Oct-2025 16:02:59 Africa/Nairobi] Error [2]: Undefined variable $isOwner in /home/vxjtgclw/stockhub.zuri.co.ke/header.php on line 309
